Android Fundementals 04.4/app/build/intermediates/manifest_merge_blame_file/debug/manifest-merger-blame-debug-report.txt
1<?xml version="1.0" encoding="utf-8"?>
2<!--
3  ~ Copyright (C) 2018 Google Inc.
4  ~
5  ~ Licensed under the Apache License, Version 2.0 (the "License");
6  ~ you may not use this file except in compliance with the License.
7  ~ You may obtain a copy of the License at
8  ~
9  ~     http://www.apache.org/licenses/LICENSE-2.0
10  ~
11  ~ Unless required by applicable law or agreed to in writing, software
12  ~ distributed under the License is distributed on an "AS IS" BASIS,
13  ~ WITHOUT WARRANTIES OR CONDITIONS OF ANY KIND, either express or implied.
14  ~ See the License for the specific language governing permissions and
15  ~ limitations under the License.
16-->
17<manifest xmlns:android="http://schemas.android.com/apk/res/android"
18    package="com.example.android.droidcafeoptions"
19    android:versionCode="1"
20    android:versionName="1.0" >
21
22    <uses-sdk
23        android:minSdkVersion="15"
23-->src\main\AndroidManifest.xml
24        android:targetSdkVersion="26" />
24-->src\main\AndroidManifest.xml
25
26    <application
26-->src\main\AndroidManifest.xml:21:5-45:19
27        android:allowBackup="true"
27-->src\main\AndroidManifest.xml:22:9-35
28        android:debuggable="true"
29        android:icon="@mipmap/ic_launcher"
29-->src\main\AndroidManifest.xml:23:9-43
30        android:label="@string/app_name"
30-->src\main\AndroidManifest.xml:24:9-41
31        android:roundIcon="@mipmap/ic_launcher_round"
31-->src\main\AndroidManifest.xml:25:9-54
32        android:supportsRtl="true"
32-->src\main\AndroidManifest.xml:26:9-35
33        android:testOnly="true"
34        android:theme="@style/AppTheme" >
34-->src\main\AndroidManifest.xml:27:9-40
35        <activity
35-->src\main\AndroidManifest.xml:28:9-37:20
36            android:name="com.example.android.droidcafeoptions.MainActivity"
36-->src\main\AndroidManifest.xml:29:13-77
37            android:label="@string/app_name"
37-->src\main\AndroidManifest.xml:30:13-45
38            android:theme="@style/AppTheme.NoActionBar" >
38-->src\main\AndroidManifest.xml:31:13-56
39            <intent-filter>
39-->src\main\AndroidManifest.xml:32:13-36:29
40                <action android:name="android.intent.action.MAIN" />
40-->src\main\AndroidManifest.xml:33:17-69
40-->src\main\AndroidManifest.xml:33:25-66
41
42                <category android:name="android.intent.category.LAUNCHER" />
42-->src\main\AndroidManifest.xml:35:17-77
42-->src\main\AndroidManifest.xml:35:27-74
43            </intent-filter>
44        </activity>
45        <activity
45-->src\main\AndroidManifest.xml:38:9-43:20
46            android:name="com.example.android.droidcafeoptions.OrderActivity"
46-->src\main\AndroidManifest.xml:38:19-48
47            android:label="@string/title_activity_order"
47-->src\main\AndroidManifest.xml:39:13-57
48            android:parentActivityName="com.example.android.droidcafeoptions.MainActivity" >
48-->src\main\AndroidManifest.xml:40:13-55
49            <meta-data
49-->src\main\AndroidManifest.xml:41:13-42:48
50                android:name="android.support.PARENT_ACTIVITY"
50-->src\main\AndroidManifest.xml:41:24-70
51                android:value=".MainActivity" />
51-->src\main\AndroidManifest.xml:42:17-46
52        </activity>
53
54        <meta-data
54-->[com.android.support:design:26.1.0] AndroidManifest.xml:26:9-28:38
55            android:name="android.support.VERSION"
55-->[com.android.support:design:26.1.0] AndroidManifest.xml:27:13-51
56            android:value="26.1.0" />
56-->[com.android.support:design:26.1.0] AndroidManifest.xml:28:13-35
57        <meta-data
57-->[android.arch.lifecycle:runtime:1.0.0] AndroidManifest.xml:25:9-27:47
58            android:name="android.arch.lifecycle.VERSION"
58-->[android.arch.lifecycle:runtime:1.0.0] AndroidManifest.xml:26:13-58
59            android:value="27.0.0-SNAPSHOT" />
59-->[android.arch.lifecycle:runtime:1.0.0] AndroidManifest.xml:27:13-44
60    </application>
61
62</manifest>